#
# There is insufficient memory for the Java Runtime Environment to continue.
# Native memory allocation (mmap) failed to map 65536 bytes. Error detail: Failed to commit metaspace.
# Possible reasons:
#   The system is out of physical RAM or swap space
#   This process is running with CompressedOops enabled, and the Java Heap may be blocking the growth of the native heap
# Possible solutions:
#   Reduce memory load on the system
#   Increase physical memory or swap space
#   Check if swap backing store is full
#   Decrease Java heap size (-Xmx/-Xms)
#   Decrease number of Java threads
#   Decrease Java thread stack sizes (-Xss)
#   Set larger code cache with -XX:ReservedCodeCacheSize=
#   JVM is running with Zero Based Compressed Oops mode in which the Java heap is
#     placed in the first 32GB address space. The Java Heap base address is the
#     maximum limit for the native heap growth. Please use -XX:HeapBaseMinAddress
#     to set the Java Heap base and to place the Java Heap above 32GB virtual address.
# This output file may be truncated or incomplete.
#
#  Out of Memory Error (virtualSpaceNode.cpp:113), pid=3528, tid=17988
#
# JRE version: OpenJDK Runtime Environment (23.0+37) (build 23+37-2369)
# Java VM: OpenJDK 64-Bit Server VM (23+37-2369, mixed mode, sharing, tiered, compressed oops, compressed class ptrs, g1 gc, windows-amd64)
# No core dump will be written. Minidumps are not enabled by default on client versions of Windows
#

---------------  S U M M A R Y ------------

Command Line: -ea -Didea.test.cyclic.buffer.size=1048576 -javaagent:C:\Program Files\JetBrains\IntelliJ IDEA 2024.2.1\lib\idea_rt.jar=53711:C:\Program Files\JetBrains\IntelliJ IDEA 2024.2.1\bin -Dfile.encoding=UTF-8 -Dsun.stdout.encoding=UTF-8 -Dsun.stderr.encoding=UTF-8 com.intellij.rt.junit.JUnitStarter -ideVersion5 -junit5 com.railways.railways.CashPointLocationGeneratorTest

Host: 11th Gen Intel(R) Core(TM) i5-11400H @ 2.70GHz, 12 cores, 15G,  Windows 11 , 64 bit Build 22621 (10.0.22621.4391)
Time: Fri Nov 29 16:33:58 2024  Windows 11 , 64 bit Build 22621 (10.0.22621.4391) elapsed time: 0.505242 seconds (0d 0h 0m 0s)

---------------  T H R E A D  ---------------

Current thread (0x000001d6d26fb0e0):  JavaThread "main"             [_thread_in_vm, id=17988, stack(0x0000004f9b600000,0x0000004f9b700000) (1024K)]

Stack: [0x0000004f9b600000,0x0000004f9b700000]
Native frames: (J=compiled Java code, j=interpreted, Vv=VM code, C=native code)
V  [jvm.dll+0x6e08a9]  (no source info available)
V  [jvm.dll+0x87da63]  (no source info available)
V  [jvm.dll+0x87feee]  (no source info available)
V  [jvm.dll+0x8805c3]  (no source info available)
V  [jvm.dll+0x27aee6]  (no source info available)
V  [jvm.dll+0x87966e]  (no source info available)
V  [jvm.dll+0x682025]  (no source info available)
V  [jvm.dll+0x68208a]  (no source info available)
V  [jvm.dll+0x6848ca]  (no source info available)
V  [jvm.dll+0x2219dc]  (no source info available)
V  [jvm.dll+0x682a3e]  (no source info available)
V  [jvm.dll+0x277b9d]  (no source info available)
V  [jvm.dll+0x277f61]  (no source info available)
V  [jvm.dll+0x738aaf]  (no source info available)
V  [jvm.dll+0x73989f]  (no source info available)
V  [jvm.dll+0x3c0f38]  (no source info available)
V  [jvm.dll+0x3bfd37]  (no source info available)
V  [jvm.dll+0x3bfcd8]  (no source info available)
V  [jvm.dll+0x3d1e7a]  (no source info available)
C  0x000001d6e234b90c  (no source info available)

The last pc belongs to new (printed below).
Java frames: (J=compiled Java code, j=interpreted, Vv=VM code)
j  com.intellij.junit5.JUnit5TestExecutionListener.getTrace(Ljava/lang/Throwable;)Ljava/lang/String;+8
j  com.intellij.junit5.JUnit5TestExecutionListener.testFailure(Ljava/lang/String;Ljava/lang/String;Ljava/lang/String;Ljava/lang/String;Ljava/lang/Throwable;JLjava/lang/String;Z)V+211
j  com.intellij.junit5.JUnit5TestExecutionListener.testFailure(Lorg/junit/platform/launcher/TestIdentifier;Ljava/lang/String;Ljava/lang/Throwable;JLjava/lang/String;Z)V+23
j  com.intellij.junit5.JUnit5TestExecutionListener.executionFinished(Lorg/junit/platform/launcher/TestIdentifier;Lorg/junit/platform/engine/TestExecutionResult$Status;Ljava/lang/Throwable;Ljava/lang/String;)V+31
j  com.intellij.junit5.JUnit5TestExecutionListener.executionFinished(Lorg/junit/platform/launcher/TestIdentifier;Lorg/junit/platform/engine/TestExecutionResult;)V+24
j  org.junit.platform.launcher.core.CompositeTestExecutionListener.lambda$executionFinished$10(Lorg/junit/platform/launcher/TestIdentifier;Lorg/junit/platform/engine/TestExecutionResult;Lorg/junit/platform/launcher/TestExecutionListener;)V+3
j  org.junit.platform.launcher.core.CompositeTestExecutionListener$$Lambda+0x000001d6810b1890.accept(Ljava/lang/Object;)V+12
j  org.junit.platform.launcher.core.CompositeTestExecutionListener.lambda$notifyEach$19(Ljava/util/function/Consumer;Ljava/util/function/Supplier;Lorg/junit/platform/launcher/TestExecutionListener;)V+2
j  org.junit.platform.launcher.core.CompositeTestExecutionListener$$Lambda+0x000001d6810858e8.accept(Ljava/lang/Object;)V+12
j  org.junit.platform.commons.util.CollectionUtils.forEachInReverseOrder(Ljava/util/List;Ljava/util/function/Consumer;)V+63
j  org.junit.platform.launcher.core.IterationOrder$2.forEach(Ljava/util/List;Ljava/util/function/Consumer;)V+2
j  org.junit.platform.launcher.core.CompositeTestExecutionListener.notifyEach(Ljava/util/List;Lorg/junit/platform/launcher/core/IterationOrder;Ljava/util/function/Consumer;Ljava/util/function/Supplier;)V+9
j  org.junit.platform.launcher.core.CompositeTestExecutionListener.executionFinished(Lorg/junit/platform/launcher/TestIdentifier;Lorg/junit/platform/engine/TestExecutionResult;)V+45
j  org.junit.platform.launcher.core.ExecutionListenerAdapter.executionFinished(Lorg/junit/platform/engine/TestDescriptor;Lorg/junit/platform/engine/TestExecutionResult;)V+10
j  org.junit.platform.launcher.core.CompositeEngineExecutionListener.lambda$executionFinished$6(Lorg/junit/platform/engine/TestDescriptor;Lorg/junit/platform/engine/TestExecutionResult;Lorg/junit/platform/engine/EngineExecutionListener;)V+3
j  org.junit.platform.launcher.core.CompositeEngineExecutionListener$$Lambda+0x000001d6810b0fd0.accept(Ljava/lang/Object;)V+12
j  org.junit.platform.launcher.core.CompositeEngineExecutionListener.lambda$notifyEach$11(Ljava/util/function/Consumer;Ljava/util/function/Supplier;Lorg/junit/platform/engine/EngineExecutionListener;)V+2
j  org.junit.platform.launcher.core.CompositeEngineExecutionListener$$Lambda+0x000001d6810918a8.accept(Ljava/lang/Object;)V+12
j  org.junit.platform.commons.util.CollectionUtils.forEachInReverseOrder(Ljava/util/List;Ljava/util/function/Consumer;)V+63
j  org.junit.platform.launcher.core.IterationOrder$2.forEach(Ljava/util/List;Ljava/util/function/Consumer;)V+2
j  org.junit.platform.launcher.core.CompositeEngineExecutionListener.notifyEach(Ljava/util/List;Lorg/junit/platform/launcher/core/IterationOrder;Ljava/util/function/Consumer;Ljava/util/function/Supplier;)V+9
j  org.junit.platform.launcher.core.CompositeEngineExecutionListener.executionFinished(Lorg/junit/platform/engine/TestDescriptor;Lorg/junit/platform/engine/TestExecutionResult;)V+21
j  org.junit.platform.launcher.core.DelegatingEngineExecutionListener.executionFinished(Lorg/junit/platform/engine/TestDescriptor;Lorg/junit/platform/engine/TestExecutionResult;)V+6
j  org.junit.platform.launcher.core.StackTracePruningEngineExecutionListener.executionFinished(Lorg/junit/platform/engine/TestDescriptor;Lorg/junit/platform/engine/TestExecutionResult;)V+46
j  org.junit.platform.launcher.core.DelegatingEngineExecutionListener.executionFinished(Lorg/junit/platform/engine/TestDescriptor;Lorg/junit/platform/engine/TestExecutionResult;)V+6
j  org.junit.platform.launcher.core.OutcomeDelayingEngineExecutionListener.executionFinished(Lorg/junit/platform/engine/TestDescriptor;Lorg/junit/platform/engine/TestExecutionResult;)V+26
j  org.junit.platform.engine.support.hierarchical.NodeTestTask.reportCompletion()V+184
j  org.junit.platform.engine.support.hierarchical.NodeTestTask.execute()V+70
j  org.junit.platform.engine.support.hierarchical.SameThreadHierarchicalTestExecutorService$$Lambda+0x000001d681098f40.accept(Ljava/lang/Object;)V+4
j  java.util.ArrayList.forEach(Ljava/util/function/Consumer;)V+46 java.base@23
j  org.junit.platform.engine.support.hierarchical.SameThreadHierarchicalTestExecutorService.invokeAll(Ljava/util/List;)V+6
j  org.junit.platform.engine.support.hierarchical.NodeTestTask.lambda$executeRecursively$6()V+116
j  org.junit.platform.engine.support.hierarchical.NodeTestTask$$Lambda+0x000001d681098428.execute()V+4
j  org.junit.platform.engine.support.hierarchical.ThrowableCollector.execute(Lorg/junit/platform/engine/support/hierarchical/ThrowableCollector$Executable;)V+1
j  org.junit.platform.engine.support.hierarchical.NodeTestTask.lambda$executeRecursively$8(Lorg/junit/platform/engine/support/hierarchical/EngineExecutionContext;)V+15
j  org.junit.platform.engine.support.hierarchical.NodeTestTask$$Lambda+0x000001d681098200.invoke(Lorg/junit/platform/engine/support/hierarchical/EngineExecutionContext;)V+5
j  org.junit.platform.engine.support.hierarchical.Node.around(Lorg/junit/platform/engine/support/hierarchical/EngineExecutionContext;Lorg/junit/platform/engine/support/hierarchical/Node$Invocation;)V+2
j  org.junit.platform.engine.support.hierarchical.NodeTestTask.lambda$executeRecursively$9()V+14
j  org.junit.platform.engine.support.hierarchical.NodeTestTask$$Lambda+0x000001d681090c60.execute()V+4
j  org.junit.platform.engine.support.hierarchical.ThrowableCollector.execute(Lorg/junit/platform/engine/support/hierarchical/ThrowableCollector$Executable;)V+1
j  org.junit.platform.engine.support.hierarchical.NodeTestTask.executeRecursively()V+31
j  org.junit.platform.engine.support.hierarchical.NodeTestTask.execute()V+55
j  org.junit.platform.engine.support.hierarchical.SameThreadHierarchicalTestExecutorService$$Lambda+0x000001d681098f40.accept(Ljava/lang/Object;)V+4
j  java.util.ArrayList.forEach(Ljava/util/function/Consumer;)V+46 java.base@23
j  org.junit.platform.engine.support.hierarchical.SameThreadHierarchicalTestExecutorService.invokeAll(Ljava/util/List;)V+6
j  org.junit.platform.engine.support.hierarchical.NodeTestTask.lambda$executeRecursively$6()V+116
j  org.junit.platform.engine.support.hierarchical.NodeTestTask$$Lambda+0x000001d681098428.execute()V+4
j  org.junit.platform.engine.support.hierarchical.ThrowableCollector.execute(Lorg/junit/platform/engine/support/hierarchical/ThrowableCollector$Executable;)V+1
j  org.junit.platform.engine.support.hierarchical.NodeTestTask.lambda$executeRecursively$8(Lorg/junit/platform/engine/support/hierarchical/EngineExecutionContext;)V+15
j  org.junit.platform.engine.support.hierarchical.NodeTestTask$$Lambda+0x000001d681098200.invoke(Lorg/junit/platform/engine/support/hierarchical/EngineExecutionContext;)V+5
j  org.junit.platform.engine.support.hierarchical.Node.around(Lorg/junit/platform/engine/support/hierarchical/EngineExecutionContext;Lorg/junit/platform/engine/support/hierarchical/Node$Invocation;)V+2
j  org.junit.platform.engine.support.hierarchical.NodeTestTask.lambda$executeRecursively$9()V+14
j  org.junit.platform.engine.support.hierarchical.NodeTestTask$$Lambda+0x000001d681090c60.execute()V+4
j  org.junit.platform.engine.support.hierarchical.ThrowableCollector.execute(Lorg/junit/platform/engine/support/hierarchical/ThrowableCollector$Executable;)V+1
j  org.junit.platform.engine.support.hierarchical.NodeTestTask.executeRecursively()V+31
j  org.junit.platform.engine.support.hierarchical.NodeTestTask.execute()V+55
j  org.junit.platform.engine.support.hierarchical.SameThreadHierarchicalTestExecutorService.submit(Lorg/junit/platform/engine/support/hierarchical/HierarchicalTestExecutorService$TestTask;)Ljava/util/concurrent/Future;+1
j  org.junit.platform.engine.support.hierarchical.HierarchicalTestExecutor.execute()Ljava/util/concurrent/Future;+74
j  org.junit.platform.engine.support.hierarchical.HierarchicalTestEngine.execute(Lorg/junit/platform/engine/ExecutionRequest;)V+31
j  org.junit.platform.launcher.core.EngineExecutionOrchestrator.execute(Lorg/junit/platform/engine/TestDescriptor;Lorg/junit/platform/engine/EngineExecutionListener;Lorg/junit/platform/engine/ConfigurationParameters;Lorg/junit/platform/engine/TestEngine;)V+24
j  org.junit.platform.launcher.core.EngineExecutionOrchestrator.execute(Lorg/junit/platform/launcher/core/LauncherDiscoveryResult;Lorg/junit/platform/engine/EngineExecutionListener;)V+115
j  org.junit.platform.launcher.core.EngineExecutionOrchestrator.execute(Lorg/junit/platform/launcher/core/InternalTestPlan;Lorg/junit/platform/engine/EngineExecutionListener;Lorg/junit/platform/launcher/TestExecutionListener;)V+55
j  org.junit.platform.launcher.core.EngineExecutionOrchestrator.lambda$execute$0(Lorg/junit/platform/launcher/core/InternalTestPlan;Lorg/junit/platform/launcher/TestExecutionListener;)V+6
j  org.junit.platform.launcher.core.EngineExecutionOrchestrator$$Lambda+0x000001d681083718.accept(Ljava/lang/Object;)V+12
j  org.junit.platform.launcher.core.EngineExecutionOrchestrator.withInterceptedStreams(Lorg/junit/platform/engine/ConfigurationParameters;Lorg/junit/platform/launcher/core/ListenerRegistry;Ljava/util/function/Consumer;)V+51
j  org.junit.platform.launcher.core.EngineExecutionOrchestrator.execute(Lorg/junit/platform/launcher/core/InternalTestPlan;[Lorg/junit/platform/launcher/TestExecutionListener;)V+23
j  org.junit.platform.launcher.core.DefaultLauncher.execute(Lorg/junit/platform/launcher/core/InternalTestPlan;[Lorg/junit/platform/launcher/TestExecutionListener;)V+6
j  org.junit.platform.launcher.core.DefaultLauncher.execute(Lorg/junit/platform/launcher/LauncherDiscoveryRequest;[Lorg/junit/platform/launcher/TestExecutionListener;)V+34
j  org.junit.platform.launcher.core.DelegatingLauncher.execute(Lorg/junit/platform/launcher/LauncherDiscoveryRequest;[Lorg/junit/platform/launcher/TestExecutionListener;)V+6
j  org.junit.platform.launcher.core.SessionPerRequestLauncher.execute(Lorg/junit/platform/launcher/LauncherDiscoveryRequest;[Lorg/junit/platform/launcher/TestExecutionListener;)V+13
j  com.intellij.junit5.JUnit5IdeaTestRunner.startRunnerWithArgs([Ljava/lang/String;Ljava/lang/String;IZ)I+203
j  com.intellij.rt.junit.IdeaTestRunner$Repeater$1.execute(Z)I+17
j  com.intellij.rt.execution.junit.TestsRepeater.repeat(IZLcom/intellij/rt/execution/junit/TestsRepeater$TestRun;)I+7
j  com.intellij.rt.junit.IdeaTestRunner$Repeater.startRunnerWithArgs(Lcom/intellij/rt/junit/IdeaTestRunner;[Ljava/lang/String;Ljava/util/ArrayList;Ljava/lang/String;IZ)I+25
j  com.intellij.rt.junit.JUnitStarter.prepareStreamsAndStart([Ljava/lang/String;Ljava/lang/String;Ljava/util/ArrayList;Ljava/lang/String;)I+117
j  com.intellij.rt.junit.JUnitStarter.main([Ljava/lang/String;)V+97
v  ~StubRoutines::call_stub 0x000001d6e2330fcd
Lock stack of current Java thread (top to bottom):
LockStack[0]: [I 
{0x0000000712a932c0} - klass: {type array int}
 - length: 0

new  187 new  [0x000001d6e234b780, 0x000001d6e234b990]  528 bytes
[MachCode]
  0x000001d6e234b780: 4883 ec08 | c5fa 1104 | 24eb 1f48 | 83ec 10c5 | fb11 0424 | eb14 4883 | ec10 4889 | 0424 48c7 
  0x000001d6e234b7a0: 4424 0800 | 0000 00eb | 0150 410f | b755 010f | cac1 ea10 | 488b 4de8 | 488b 4908 | 488b 4908 
  0x000001d6e234b7c0: 488b 4108 | 807c 1004 | 070f 85e0 | 0000 0066 | 8b54 d148 | 488b 4928 | 488b 4cd1 | 0851 80b9 
  0x000001d6e234b7e0: 3101 0000 | 040f 840d | 0000 004c | 3bb9 3801 | 0000 0f85 | b600 0000 | 8b51 08f6 | c201 0f85 
  0x000001d6e234b800: aa00 0000 | 498b 87b8 | 0100 0048 | 8d1c 1049 | 3b9f c801 | 0000 0f87 | 9200 0000 | 4989 9fb8 
  0x000001d6e234b820: 0100 0048 | 83ea 100f | 840f 0000 | 0033 c9c1 | ea03 4889 | 4cd0 0848 | ffca 75f6 | 48c7 0001 
  0x000001d6e234b840: 0000 0059 | 33f6 8970 | 0c49 ba00 | 0000 80d6 | 0100 0049 | 2bca 8948 | 0849 ba42 | ad8a bbfd 
  0x000001d6e234b860: 7f00 0041 | 803a 000f | 843c 0000 | 0050 488b | c848 83ec | 2040 f6c4 | 0f0f 8419 | 0000 0048 
  0x000001d6e234b880: 83ec 0848 | b840 ee3a | bbfd 7f00 | 00ff d048 | 83c4 08e9 | 0c00 0000 | 48b8 40ee | 3abb fd7f 
  0x000001d6e234b8a0: 0000 ffd0 | 4883 c420 | 58e9 cb00 | 0000 5948 | 8b55 e848 | 8b52 0848 | 8b52 0845 | 0fb7 4501 
  0x000001d6e234b8c0: 410f c841 | c1e8 10e8 | 0500 0000 | e9a8 0000 | 0048 8d44 | 2408 4c89 | 6dc0 498b | cfc5 f877 
  0x000001d6e234b8e0: 4989 afb0 | 0300 0049 | 8987 a003 | 0000 4883 | ec20 40f6 | c40f 0f84 | 1900 0000 | 4883 ec08 
  0x000001d6e234b900: 48b8 f01d | 03bb fd7f | 0000 ffd0 | 4883 c408 | e90c 0000 | 0048 b8f0 | 1d03 bbfd | 7f00 00ff 
  0x000001d6e234b920: d048 83c4 | 2049 c787 | a003 0000 | 0000 0000 | 49c7 87b0 | 0300 0000 | 0000 0049 | c787 a803 
  0x000001d6e234b940: 0000 0000 | 0000 c5f8 | 7749 837f | 0800 0f84 | 0500 0000 | e967 55fe | ff49 8b87 | f803 0000 
  0x000001d6e234b960: 49c7 87f8 | 0300 0000 | 0000 004c | 8b6d c04c | 8b75 c84e | 8d74 f500 | c341 0fb6 | 5d03 4983 
  0x000001d6e234b980: c503 49ba | 5076 8ebb | fd7f 0000 | 41ff 24da 
[/MachCode]

---------------  P R O C E S S  ---------------

Threads class SMR info:
_java_thread_list=0x000001d6c52291b0, length=14, elements={
0x000001d6d26fb0e0, 0x000001d6f19de060, 0x000001d6f19dfc90, 0x000001d6f19e5f00,
0x000001d6f19e88d0, 0x000001d6f19e9030, 0x000001d6c5012840, 0x000001d6c5012fe0,
0x000001d6c501d6c0, 0x000001d6c51232b0, 0x000001d6c529c500, 0x000001d6c529cb70,
0x000001d6c52ecdb0, 0x000001d6c55974b0
}

Java Threads: ( => current thread )
=>0x000001d6d26fb0e0 JavaThread "main"                              [_thread_in_vm, id=17988, stack(0x0000004f9b600000,0x0000004f9b700000) (1024K)]
  0x000001d6f19de060 JavaThread "Reference Handler"          daemon [_thread_blocked, id=27264, stack(0x0000004f9be00000,0x0000004f9bf00000) (1024K)]
  0x000001d6f19dfc90 JavaThread "Finalizer"                  daemon [_thread_blocked, id=27608, stack(0x0000004f9bf00000,0x0000004f9c000000) (1024K)]
  0x000001d6f19e5f00 JavaThread "Signal Dispatcher"          daemon [_thread_blocked, id=23880, stack(0x0000004f9c000000,0x0000004f9c100000) (1024K)]
  0x000001d6f19e88d0 JavaThread "Attach Listener"            daemon [_thread_blocked, id=25144, stack(0x0000004f9c100000,0x0000004f9c200000) (1024K)]
  0x000001d6f19e9030 JavaThread "Service Thread"             daemon [_thread_blocked, id=28412, stack(0x0000004f9c200000,0x0000004f9c300000) (1024K)]
  0x000001d6c5012840 JavaThread "Monitor Deflation Thread"   daemon [_thread_blocked, id=25020, stack(0x0000004f9c300000,0x0000004f9c400000) (1024K)]
  0x000001d6c5012fe0 JavaThread "C2 CompilerThread0"         daemon [_thread_blocked, id=25040, stack(0x0000004f9c400000,0x0000004f9c500000) (1024K)]
  0x000001d6c501d6c0 JavaThread "C1 CompilerThread0"         daemon [_thread_blocked, id=5844, stack(0x0000004f9c500000,0x0000004f9c600000) (1024K)]
  0x000001d6c51232b0 JavaThread "Common-Cleaner"             daemon [_thread_blocked, id=20948, stack(0x0000004f9c600000,0x0000004f9c700000) (1024K)]
  0x000001d6c529c500 JavaThread "Monitor Ctrl-Break"         daemon [_thread_in_native, id=24400, stack(0x0000004f9c700000,0x0000004f9c800000) (1024K)]
  0x000001d6c529cb70 JavaThread "Notification Thread"        daemon [_thread_blocked, id=26832, stack(0x0000004f9c800000,0x0000004f9c900000) (1024K)]
  0x000001d6c52ecdb0 JavaThread "C2 CompilerThread1"         daemon [_thread_blocked, id=17764, stack(0x0000004f9c900000,0x0000004f9ca00000) (1024K)]
  0x000001d6c55974b0 JavaThread "C2 CompilerThread2"         daemon [_thread_blocked, id=29240, stack(0x0000004f9ca00000,0x0000004f9cb00000) (1024K)]
Total: 14

Other Threads:
  0x000001d6f19c5160 VMThread "VM Thread"                           [id=21156, stack(0x0000004f9bd00000,0x0000004f9be00000) (1024K)]
  0x000001d6f19b17a0 WatcherThread "VM Periodic Task Thread"        [id=16996, stack(0x0000004f9bc00000,0x0000004f9bd00000) (1024K)]
  0x000001d6d2761c40 WorkerThread "GC Thread#0"                     [id=23808, stack(0x0000004f9b700000,0x0000004f9b800000) (1024K)]
  0x000001d6d27768f0 ConcurrentGCThread "G1 Main Marker"            [id=25080, stack(0x0000004f9b800000,0x0000004f9b900000) (1024K)]
  0x000001d6d2777c10 WorkerThread "G1 Conc#0"                       [id=5184, stack(0x0000004f9b900000,0x0000004f9ba00000) (1024K)]
  0x000001d6f187fe80 ConcurrentGCThread "G1 Refine#0"               [id=29064, stack(0x0000004f9ba00000,0x0000004f9bb00000) (1024K)]
  0x000001d6f1882620 ConcurrentGCThread "G1 Service"                [id=24728, stack(0x0000004f9bb00000,0x0000004f9bc00000) (1024K)]
Total: 7

Threads with active compile tasks:
Total: 0

VM state: not at safepoint (normal execution)

VM Mutex/Monitor currently owned by a thread:  ([mutex/lock_event])
[0x00007ffdbb8d1890] Metaspace_lock - owner thread: 0x000001d6d26fb0e0

Heap address: 0x0000000704400000, size: 4028 MB, Compressed Oops mode: Zero based, Oop shift amount: 3

CDS archive(s) mapped at: [0x000001d680000000-0x000001d680d70000-0x000001d680d70000), size 14090240, SharedBaseAddress: 0x000001d680000000, ArchiveRelocationMode: 1.
Compressed class space mapped at: 0x000001d681000000-0x000001d6c1000000, reserved size: 1073741824
Narrow klass base: 0x000001d680000000, Narrow klass shift: 0, Narrow klass range: 0x41000000

GC Precious Log:
 CardTable entry size: 512
 Card Set container configuration: InlinePtr #cards 4 size 8 Array Of Cards #cards 16 size 48 Howl #buckets 8 coarsen threshold 3686 Howl Bitmap #cards 512 size 80 coarsen threshold 460 Card regions per heap region 1 cards per card region 4096
 CPUs: 12 total, 12 available
 Memory: 16106M
 Large Page Support: Disabled
 NUMA Support: Disabled
 Compressed Oops: Enabled (Zero based)
 Heap Region Size: 2M
 Heap Min Capacity: 8M
 Heap Initial Capacity: 252M
 Heap Max Capacity: 4028M
 Pre-touch: Disabled
 Parallel Workers: 10
 Concurrent Workers: 3
 Concurrent Refinement Workers: 10
 Periodic GC: Disabled

Heap:
 garbage-first heap   total reserved 4124672K, committed 258048K, used 20480K [0x0000000704400000, 0x0000000800000000)
  region size 2048K, 11 young (22528K), 0 survivors (0K)
 Metaspace       used 5140K, committed 5312K, reserved 1114112K
  class space    used 694K, committed 768K, reserved 1048576K

Heap Regions: E=young(eden), S=young(survivor), O=old, HS=humongous(starts), HC=humongous(continues), CS=collection set, F=free, TAMS=top-at-mark-start, PB=parsable bottom
|   0|0x0000000704400000, 0x0000000704400000, 0x0000000704600000|  0%| F|  |TAMS 0x0000000704400000| PB 0x0000000704400000| Untracked |  0
|   1|0x0000000704600000, 0x0000000704600000, 0x0000000704800000|  0%| F|  |TAMS 0x0000000704600000| PB 0x0000000704600000| Untracked |  0
|   2|0x0000000704800000, 0x0000000704800000, 0x0000000704a00000|  0%| F|  |TAMS 0x0000000704800000| PB 0x0000000704800000| Untracked |  0
|   3|0x0000000704a00000, 0x0000000704a00000, 0x0000000704c00000|  0%| F|  |TAMS 0x0000000704a00000| PB 0x0000000704a00000| Untracked |  0
|   4|0x0000000704c00000, 0x0000000704c00000, 0x0000000704e00000|  0%| F|  |TAMS 0x0000000704c00000| PB 0x0000000704c00000| Untracked |  0
|   5|0x0000000704e00000, 0x0000000704e00000, 0x0000000705000000|  0%| F|  |TAMS 0x0000000704e00000| PB 0x0000000704e00000| Untracked |  0
|   6|0x0000000705000000, 0x0000000705000000, 0x0000000705200000|  0%| F|  |TAMS 0x0000000705000000| PB 0x0000000705000000| Untracked |  0
|   7|0x0000000705200000, 0x0000000705200000, 0x0000000705400000|  0%| F|  |TAMS 0x0000000705200000| PB 0x0000000705200000| Untracked |  0
|   8|0x0000000705400000, 0x0000000705400000, 0x0000000705600000|  0%| F|  |TAMS 0x0000000705400000| PB 0x0000000705400000| Untracked |  0
|   9|0x0000000705600000, 0x0000000705600000, 0x0000000705800000|  0%| F|  |TAMS 0x0000000705600000| PB 0x0000000705600000| Untracked |  0
|  10|0x0000000705800000, 0x0000000705800000, 0x0000000705a00000|  0%| F|  |TAMS 0x0000000705800000| PB 0x0000000705800000| Untracked |  0
|  11|0x0000000705a00000, 0x0000000705a00000, 0x0000000705c00000|  0%| F|  |TAMS 0x0000000705a00000| PB 0x0000000705a00000| Untracked |  0
|  12|0x0000000705c00000, 0x0000000705c00000, 0x0000000705e00000|  0%| F|  |TAMS 0x0000000705c00000| PB 0x0000000705c00000| Untracked |  0
|  13|0x0000000705e00000, 0x0000000705e00000, 0x0000000706000000|  0%| F|  |TAMS 0x0000000705e00000| PB 0x0000000705e00000| Untracked |  0
|  14|0x0000000706000000, 0x0000000706000000, 0x0000000706200000|  0%| F|  |TAMS 0x0000000706000000| PB 0x0000000706000000| Untracked |  0
|  15|0x0000000706200000, 0x0000000706200000, 0x0000000706400000|  0%| F|  |TAMS 0x0000000706200000| PB 0x0000000706200000| Untracked |  0
|  16|0x0000000706400000, 0x0000000706400000, 0x0000000706600000|  0%| F|  |TAMS 0x0000000706400000| PB 0x0000000706400000| Untracked |  0
|  17|0x0000000706600000, 0x0000000706600000, 0x0000000706800000|  0%| F|  |TAMS 0x0000000706600000| PB 0x0000000706600000| Untracked |  0
|  18|0x0000000706800000, 0x0000000706800000, 0x0000000706a00000|  0%| F|  |TAMS 0x0000000706800000| PB 0x0000000706800000| Untracked |  0
|  19|0x0000000706a00000, 0x0000000706a00000, 0x0000000706c00000|  0%| F|  |TAMS 0x0000000706a00000| PB 0x0000000706a00000| Untracked |  0
|  20|0x0000000706c00000, 0x0000000706c00000, 0x0000000706e00000|  0%| F|  |TAMS 0x0000000706c00000| PB 0x0000000706c00000| Untracked |  0
|  21|0x0000000706e00000, 0x0000000706e00000, 0x0000000707000000|  0%| F|  |TAMS 0x0000000706e00000| PB 0x0000000706e00000| Untracked |  0
|  22|0x0000000707000000, 0x0000000707000000, 0x0000000707200000|  0%| F|  |TAMS 0x0000000707000000| PB 0x0000000707000000| Untracked |  0
|  23|0x0000000707200000, 0x0000000707200000, 0x0000000707400000|  0%| F|  |TAMS 0x0000000707200000| PB 0x0000000707200000| Untracked |  0
|  24|0x0000000707400000, 0x0000000707400000, 0x0000000707600000|  0%| F|  |TAMS 0x0000000707400000| PB 0x0000000707400000| Untracked |  0
|  25|0x0000000707600000, 0x0000000707600000, 0x0000000707800000|  0%| F|  |TAMS 0x0000000707600000| PB 0x0000000707600000| Untracked |  0
|  26|0x0000000707800000, 0x0000000707800000, 0x0000000707a00000|  0%| F|  |TAMS 0x0000000707800000| PB 0x0000000707800000| Untracked |  0
|  27|0x0000000707a00000, 0x0000000707a00000, 0x0000000707c00000|  0%| F|  |TAMS 0x0000000707a00000| PB 0x0000000707a00000| Untracked |  0
|  28|0x0000000707c00000, 0x0000000707c00000, 0x0000000707e00000|  0%| F|  |TAMS 0x0000000707c00000| PB 0x0000000707c00000| Untracked |  0
|  29|0x0000000707e00000, 0x0000000707e00000, 0x0000000708000000|  0%| F|  |TAMS 0x0000000707e00000| PB 0x0000000707e00000| Untracked |  0
|  30|0x0000000708000000, 0x0000000708000000, 0x0000000708200000|  0%| F|  |TAMS 0x0000000708000000| PB 0x0000000708000000| Untracked |  0
|  31|0x0000000708200000, 0x0000000708200000, 0x0000000708400000|  0%| F|  |TAMS 0x0000000708200000| PB 0x0000000708200000| Untracked |  0
|  32|0x0000000708400000, 0x0000000708400000, 0x0000000708600000|  0%| F|  |TAMS 0x0000000708400000| PB 0x0000000708400000| Untracked |  0
|  33|0x0000000708600000, 0x0000000708600000, 0x0000000708800000|  0%| F|  |TAMS 0x0000000708600000| PB 0x0000000708600000| Untracked |  0
|  34|0x0000000708800000, 0x0000000708800000, 0x0000000708a00000|  0%| F|  |TAMS 0x0000000708800000| PB 0x0000000708800000| Untracked |  0
|  35|0x0000000708a00000, 0x0000000708a00000, 0x0000000708c00000|  0%| F|  |TAMS 0x0000000708a00000| PB 0x0000000708a00000| Untracked |  0
|  36|0x0000000708c00000, 0x0000000708c00000, 0x0000000708e00000|  0%| F|  |TAMS 0x0000000708c00000| PB 0x0000000708c00000| Untracked |  0
|  37|0x0000000708e00000, 0x0000000708e00000, 0x0000000709000000|  0%| F|  |TAMS 0x0000000708e00000| PB 0x0000000708e00000| Untracked |  0
|  38|0x0000000709000000, 0x0000000709000000, 0x0000000709200000|  0%| F|  |TAMS 0x0000000709000000| PB 0x0000000709000000| Untracked |  0
|  39|0x0000000709200000, 0x0000000709200000, 0x0000000709400000|  0%| F|  |TAMS 0x0000000709200000| PB 0x0000000709200000| Untracked |  0
|  40|0x0000000709400000, 0x0000000709400000, 0x0000000709600000|  0%| F|  |TAMS 0x0000000709400000| PB 0x0000000709400000| Untracked |  0
|  41|0x0000000709600000, 0x0000000709600000, 0x0000000709800000|  0%| F|  |TAMS 0x0000000709600000| PB 0x0000000709600000| Untracked |  0
|  42|0x0000000709800000, 0x0000000709800000, 0x0000000709a00000|  0%| F|  |TAMS 0x0000000709800000| PB 0x0000000709800000| Untracked |  0
|  43|0x0000000709a00000, 0x0000000709a00000, 0x0000000709c00000|  0%| F|  |TAMS 0x0000000709a00000| PB 0x0000000709a00000| Untracked |  0
|  44|0x0000000709c00000, 0x0000000709c00000, 0x0000000709e00000|  0%| F|  |TAMS 0x0000000709c00000| PB 0x0000000709c00000| Untracked |  0
|  45|0x0000000709e00000, 0x0000000709e00000, 0x000000070a000000|  0%| F|  |TAMS 0x0000000709e00000| PB 0x0000000709e00000| Untracked |  0
|  46|0x000000070a000000, 0x000000070a000000, 0x000000070a200000|  0%| F|  |TAMS 0x000000070a000000| PB 0x000000070a000000| Untracked |  0
|  47|0x000000070a200000, 0x000000070a200000, 0x000000070a400000|  0%| F|  |TAMS 0x000000070a200000| PB 0x000000070a200000| Untracked |  0
|  48|0x000000070a400000, 0x000000070a400000, 0x000000070a600000|  0%| F|  |TAMS 0x000000070a400000| PB 0x000000070a400000| Untracked |  0
|  49|0x000000070a600000, 0x000000070a600000, 0x000000070a800000|  0%| F|  |TAMS 0x000000070a600000| PB 0x000000070a600000| Untracked |  0
|  50|0x000000070a800000, 0x000000070a800000, 0x000000070aa00000|  0%| F|  |TAMS 0x000000070a800000| PB 0x000000070a800000| Untracked |  0
|  51|0x000000070aa00000, 0x000000070aa00000, 0x000000070ac00000|  0%| F|  |TAMS 0x000000070aa00000| PB 0x000000070aa00000| Untracked |  0
|  52|0x000000070ac00000, 0x000000070ac00000, 0x000000070ae00000|  0%| F|  |TAMS 0x000000070ac00000| PB 0x000000070ac00000| Untracked |  0
|  53|0x000000070ae00000, 0x000000070ae00000, 0x000000070b000000|  0%| F|  |TAMS 0x000000070ae00000| PB 0x000000070ae00000| Untracked |  0
|  54|0x000000070b000000, 0x000000070b000000, 0x000000070b200000|  0%| F|  |TAMS 0x000000070b000000| PB 0x000000070b000000| Untracked |  0
|  55|0x000000070b200000, 0x000000070b200000, 0x000000070b400000|  0%| F|  |TAMS 0x000000070b200000| PB 0x000000070b200000| Untracked |  0
|  56|0x000000070b400000, 0x000000070b400000, 0x000000070b600000|  0%| F|  |TAMS 0x000000070b400000| PB 0x000000070b400000| Untracked |  0
|  57|0x000000070b600000, 0x000000070b600000, 0x000000070b800000|  0%| F|  |TAMS 0x000000070b600000| PB 0x000000070b600000| Untracked |  0
|  58|0x000000070b800000, 0x000000070b800000, 0x000000070ba00000|  0%| F|  |TAMS 0x000000070b800000| PB 0x000000070b800000| Untracked |  0
|  59|0x000000070ba00000, 0x000000070ba00000, 0x000000070bc00000|  0%| F|  |TAMS 0x000000070ba00000| PB 0x000000070ba00000| Untracked |  0
|  60|0x000000070bc00000, 0x000000070bc00000, 0x000000070be00000|  0%| F|  |TAMS 0x000000070bc00000| PB 0x000000070bc00000| Untracked |  0
|  61|0x000000070be00000, 0x000000070be00000, 0x000000070c000000|  0%| F|  |TAMS 0x000000070be00000| PB 0x000000070be00000| Untracked |  0
|  62|0x000000070c000000, 0x000000070c000000, 0x000000070c200000|  0%| F|  |TAMS 0x000000070c000000| PB 0x000000070c000000| Untracked |  0
|  63|0x000000070c200000, 0x000000070c200000, 0x000000070c400000|  0%| F|  |TAMS 0x000000070c200000| PB 0x000000070c200000| Untracked |  0
|  64|0x000000070c400000, 0x000000070c400000, 0x000000070c600000|  0%| F|  |TAMS 0x000000070c400000| PB 0x000000070c400000| Untracked |  0
|  65|0x000000070c600000, 0x000000070c600000, 0x000000070c800000|  0%| F|  |TAMS 0x000000070c600000| PB 0x000000070c600000| Untracked |  0
|  66|0x000000070c800000, 0x000000070c800000, 0x000000070ca00000|  0%| F|  |TAMS 0x000000070c800000| PB 0x000000070c800000| Untracked |  0
|  67|0x000000070ca00000, 0x000000070ca00000, 0x000000070cc00000|  0%| F|  |TAMS 0x000000070ca00000| PB 0x000000070ca00000| Untracked |  0
|  68|0x000000070cc00000, 0x000000070cc00000, 0x000000070ce00000|  0%| F|  |TAMS 0x000000070cc00000| PB 0x000000070cc00000| Untracked |  0
|  69|0x000000070ce00000, 0x000000070ce00000, 0x000000070d000000|  0%| F|  |TAMS 0x000000070ce00000| PB 0x000000070ce00000| Untracked |  0
|  70|0x000000070d000000, 0x000000070d000000, 0x000000070d200000|  0%| F|  |TAMS 0x000000070d000000| PB 0x000000070d000000| Untracked |  0
|  71|0x000000070d200000, 0x000000070d200000, 0x000000070d400000|  0%| F|  |TAMS 0x000000070d200000| PB 0x000000070d200000| Untracked |  0
|  72|0x000000070d400000, 0x000000070d400000, 0x000000070d600000|  0%| F|  |TAMS 0x000000070d400000| PB 0x000000070d400000| Untracked |  0
|  73|0x000000070d600000, 0x000000070d600000, 0x000000070d800000|  0%| F|  |TAMS 0x000000070d600000| PB 0x000000070d600000| Untracked |  0
|  74|0x000000070d800000, 0x000000070d800000, 0x000000070da00000|  0%| F|  |TAMS 0x000000070d800000| PB 0x000000070d800000| Untracked |  0
|  75|0x000000070da00000, 0x000000070da00000, 0x000000070dc00000|  0%| F|  |TAMS 0x000000070da00000| PB 0x000000070da00000| Untracked |  0
|  76|0x000000070dc00000, 0x000000070dc00000, 0x000000070de00000|  0%| F|  |TAMS 0x000000070dc00000| PB 0x000000070dc00000| Untracked |  0
|  77|0x000000070de00000, 0x000000070de00000, 0x000000070e000000|  0%| F|  |TAMS 0x000000070de00000| PB 0x000000070de00000| Untracked |  0
|  78|0x000000070e000000, 0x000000070e000000, 0x000000070e200000|  0%| F|  |TAMS 0x000000070e000000| PB 0x000000070e000000| Untracked |  0
|  79|0x000000070e200000, 0x000000070e200000, 0x000000070e400000|  0%| F|  |TAMS 0x000000070e200000| PB 0x000000070e200000| Untracked |  0
|  80|0x000000070e400000, 0x000000070e400000, 0x000000070e600000|  0%| F|  |TAMS 0x000000070e400000| PB 0x000000070e400000| Untracked |  0
|  81|0x000000070e600000, 0x000000070e600000, 0x000000070e800000|  0%| F|  |TAMS 0x000000070e600000| PB 0x000000070e600000| Untracked |  0
|  82|0x000000070e800000, 0x000000070e800000, 0x000000070ea00000|  0%| F|  |TAMS 0x000000070e800000| PB 0x000000070e800000| Untracked |  0
|  83|0x000000070ea00000, 0x000000070ea00000, 0x000000070ec00000|  0%| F|  |TAMS 0x000000070ea00000| PB 0x000000070ea00000| Untracked |  0
|  84|0x000000070ec00000, 0x000000070ec00000, 0x000000070ee00000|  0%| F|  |TAMS 0x000000070ec00000| PB 0x000000070ec00000| Untracked |  0
|  85|0x000000070ee00000, 0x000000070ee00000, 0x000000070f000000|  0%| F|  |TAMS 0x000000070ee00000| PB 0x000000070ee00000| Untracked |  0
|  86|0x000000070f000000, 0x000000070f000000, 0x000000070f200000|  0%| F|  |TAMS 0x000000070f000000| PB 0x000000070f000000| Untracked |  0
|  87|0x000000070f200000, 0x000000070f200000, 0x000000070f400000|  0%| F|  |TAMS 0x000000070f200000| PB 0x000000070f200000| Untracked |  0
|  88|0x000000070f400000, 0x000000070f400000, 0x000000070f600000|  0%| F|  |TAMS 0x000000070f400000| PB 0x000000070f400000| Untracked |  0
|  89|0x000000070f600000, 0x000000070f600000, 0x000000070f800000|  0%| F|  |TAMS 0x000000070f600000| PB 0x000000070f600000| Untracked |  0
|  90|0x000000070f800000, 0x000000070f800000, 0x000000070fa00000|  0%| F|  |TAMS 0x000000070f800000| PB 0x000000070f800000| Untracked |  0
|  91|0x000000070fa00000, 0x000000070fa00000, 0x000000070fc00000|  0%| F|  |TAMS 0x000000070fa00000| PB 0x000000070fa00000| Untracked |  0
|  92|0x000000070fc00000, 0x000000070fc00000, 0x000000070fe00000|  0%| F|  |TAMS 0x000000070fc00000| PB 0x000000070fc00000| Untracked |  0
|  93|0x000000070fe00000, 0x000000070fe00000, 0x0000000710000000|  0%| F|  |TAMS 0x000000070fe00000| PB 0x000000070fe00000| Untracked |  0
|  94|0x0000000710000000, 0x0000000710000000, 0x0000000710200000|  0%| F|  |TAMS 0x0000000710000000| PB 0x0000000710000000| Untracked |  0
|  95|0x0000000710200000, 0x0000000710200000, 0x0000000710400000|  0%| F|  |TAMS 0x0000000710200000| PB 0x0000000710200000| Untracked |  0
|  96|0x0000000710400000, 0x0000000710400000, 0x0000000710600000|  0%| F|  |TAMS 0x0000000710400000| PB 0x0000000710400000| Untracked |  0
|  97|0x0000000710600000, 0x0000000710600000, 0x0000000710800000|  0%| F|  |TAMS 0x0000000710600000| PB 0x0000000710600000| Untracked |  0
|  98|0x0000000710800000, 0x0000000710800000, 0x0000000710a00000|  0%| F|  |TAMS 0x0000000710800000| PB 0x0000000710800000| Untracked |  0
|  99|0x0000000710a00000, 0x0000000710a00000, 0x0000000710c00000|  0%| F|  |TAMS 0x0000000710a00000| PB 0x0000000710a00000| Untracked |  0
| 100|0x0000000710c00000, 0x0000000710c00000, 0x0000000710e00000|  0%| F|  |TAMS 0x0000000710c00000| PB 0x0000000710c00000| Untracked |  0
| 101|0x0000000710e00000, 0x0000000710e00000, 0x0000000711000000|  0%| F|  |TAMS 0x0000000710e00000| PB 0x0000000710e00000| Untracked |  0
| 102|0x0000000711000000, 0x0000000711000000, 0x0000000711200000|  0%| F|  |TAMS 0x0000000711000000| PB 0x0000000711000000| Untracked |  0
| 103|0x0000000711200000, 0x0000000711200000, 0x0000000711400000|  0%| F|  |TAMS 0x0000000711200000| PB 0x0000000711200000| Untracked |  0
| 104|0x0000000711400000, 0x0000000711400000, 0x0000000711600000|  0%| F|  |TAMS 0x0000000711400000| PB 0x0000000711400000| Untracked |  0
| 105|0x0000000711600000, 0x0000000711600000, 0x0000000711800000|  0%| F|  |TAMS 0x0000000711600000| PB 0x0000000711600000| Untracked |  0
| 106|0x0000000711800000, 0x0000000711800000, 0x0000000711a00000|  0%| F|  |TAMS 0x0000000711800000| PB 0x0000000711800000| Untracked |  0
| 107|0x0000000711a00000, 0x0000000711a00000, 0x0000000711c00000|  0%| F|  |TAMS 0x0000000711a00000| PB 0x0000000711a00000| Untracked |  0
| 108|0x0000000711c00000, 0x0000000711c00000, 0x0000000711e00000|  0%| F|  |TAMS 0x0000000711c00000| PB 0x0000000711c00000| Untracked |  0
| 109|0x0000000711e00000, 0x0000000711e00000, 0x0000000712000000|  0%| F|  |TAMS 0x0000000711e00000| PB 0x0000000711e00000| Untracked |  0
| 110|0x0000000712000000, 0x0000000712000000, 0x0000000712200000|  0%| F|  |TAMS 0x0000000712000000| PB 0x0000000712000000| Untracked |  0
| 111|0x0000000712200000, 0x0000000712200000, 0x0000000712400000|  0%| F|  |TAMS 0x0000000712200000| PB 0x0000000712200000| Untracked |  0
| 112|0x0000000712400000, 0x0000000712400000, 0x0000000712600000|  0%| F|  |TAMS 0x0000000712400000| PB 0x0000000712400000| Untracked |  0
| 113|0x0000000712600000, 0x0000000712600000, 0x0000000712800000|  0%| F|  |TAMS 0x0000000712600000| PB 0x0000000712600000| Untracked |  0
| 114|0x0000000712800000, 0x0000000712800000, 0x0000000712a00000|  0%| F|  |TAMS 0x0000000712800000| PB 0x0000000712800000| Untracked |  0
| 115|0x0000000712a00000, 0x0000000712af5cb0, 0x0000000712c00000| 48%| E|  |TAMS 0x0000000712a00000| PB 0x0000000712a00000| Complete |  0
| 116|0x0000000712c00000, 0x0000000712e00000, 0x0000000712e00000|100%| E|CS|TAMS 0x0000000712c00000| PB 0x0000000712c00000| Complete |  0
| 117|0x0000000712e00000, 0x0000000713000000, 0x0000000713000000|100%| E|CS|TAMS 0x0000000712e00000| PB 0x0000000712e00000| Complete |  0
| 118|0x0000000713000000, 0x0000000713200000, 0x0000000713200000|100%| E|CS|TAMS 0x0000000713000000| PB 0x0000000713000000| Complete |  0
| 119|0x0000000713200000, 0x0000000713400000, 0x0000000713400000|100%| E|CS|TAMS 0x0000000713200000| PB 0x0000000713200000| Complete |  0
| 120|0x0000000713400000, 0x0000000713600000, 0x0000000713600000|100%| E|CS|TAMS 0x0000000713400000| PB 0x0000000713400000| Complete |  0
| 121|0x0000000713600000, 0x0000000713800000, 0x0000000713800000|100%| E|CS|TAMS 0x0000000713600000| PB 0x0000000713600000| Complete |  0
| 122|0x0000000713800000, 0x0000000713a00000, 0x0000000713a00000|100%| E|CS|TAMS 0x0000000713800000| PB 0x0000000713800000| Complete |  0
| 123|0x0000000713a00000, 0x0000000713c00000, 0x0000000713c00000|100%| E|CS|TAMS 0x0000000713a00000| PB 0x0000000713a00000| Complete |  0
| 124|0x0000000713c00000, 0x0000000713e00000, 0x0000000713e00000|100%| E|CS|TAMS 0x0000000713c00000| PB 0x0000000713c00000| Complete |  0
| 125|0x0000000713e00000, 0x0000000714000000, 0x0000000714000000|100%| E|CS|TAMS 0x0000000713e00000| PB 0x0000000713e00000| Complete |  0

Card table byte_map: [0x000001d6eac50000,0x000001d6eb430000] _byte_map_base: 0x000001d6e742e000

Marking Bits: (CMBitMap*) 0x000001d6d2762350
 Bits: [0x000001d6eb430000, 0x000001d6ef320000)

Polling page: 0x000001d6d1e90000

Metaspace:

Usage:
  Non-class:      4.34 MB used.
      Class:    694.60 KB used.
       Both:      5.02 MB used.

Virtual space:
  Non-class space:       64.00 MB reserved,       4.44 MB (  7%) committed,  1 nodes.
      Class space:        1.00 GB reserved,     768.00 KB ( <1%) committed,  1 nodes.
             Both:        1.06 GB reserved,       5.19 MB ( <1%) committed. 

Chunk freelists:
   Non-Class:  10.04 MB
       Class:  15.28 MB
        Both:  25.32 MB

MaxMetaspaceSize: unlimited
CompressedClassSpaceSize: 1.00 GB
Initial GC threshold: 21.00 MB
Current GC threshold: 21.00 MB
CDS: on
 - commit_granule_bytes: 65536.
 - commit_granule_words: 8192.
 - virtual_space_node_default_size: 8388608.
 - enlarge_chunks_in_place: 1.
 - use_allocation_guard: 0.


Internal statistics:

num_allocs_failed_limit: 0.
num_arena_births: 106.
num_arena_deaths: 0.
num_vsnodes_births: 2.
num_vsnodes_deaths: 0.
num_space_committed: 83.
num_space_uncommitted: 0.
num_chunks_returned_to_freelist: 0.
num_chunks_taken_from_freelist: 270.
num_chunk_merges: 0.
num_chunk_splits: 142.
num_chunks_enlarged: 96.
num_inconsistent_stats: 0.

CodeHeap 'non-profiled nmethods': size=120064Kb used=406Kb max_used=406Kb free=119657Kb
 bounds [0x000001d6e28c0000, 0x000001d6e2b30000, 0x000001d6e9e00000]
CodeHeap 'profiled nmethods': size=120000Kb used=1832Kb max_used=1832Kb free=118168Kb
 bounds [0x000001d6dae00000, 0x000001d6db070000, 0x000001d6e2330000]
CodeHeap 'non-nmethods': size=5696Kb used=1464Kb max_used=1473Kb free=4231Kb
 bounds [0x000001d6e2330000, 0x000001d6e25a0000, 0x000001d6e28c0000]
CodeCache: size=245760Kb, used=3702Kb, max_used=3711Kb, free=242056Kb
 total_blobs=1804, nmethods=1338, adapters=371, full_count=0
Compilation: enabled, stopped_count=0, restarted_count=0

Compilation events (20 events):
Event: 0.500 Thread 0x000001d6c501d6c0 1330       3       java.lang.String::startsWith (7 bytes)
Event: 0.500 Thread 0x000001d6c501d6c0 nmethod 1330 0x000001d6dafc7188 code [0x000001d6dafc72a0, 0x000001d6dafc73e0]
Event: 0.500 Thread 0x000001d6c501d6c0 1329       3       java.lang.invoke.Invokers$Holder::linkToTargetMethod (10 bytes)
Event: 0.500 Thread 0x000001d6c501d6c0 nmethod 1329 0x000001d6dafc7488 code [0x000001d6dafc75c0, 0x000001d6dafc7988]
Event: 0.501 Thread 0x000001d6c501d6c0 1331       3       jdk.internal.misc.Unsafe::pickPos (14 bytes)
Event: 0.501 Thread 0x000001d6c501d6c0 nmethod 1331 0x000001d6dafc7a08 code [0x000001d6dafc7b20, 0x000001d6dafc7c20]
Event: 0.501 Thread 0x000001d6c501d6c0 1332       3       java.util.regex.Pattern::next (33 bytes)
Event: 0.501 Thread 0x000001d6c501d6c0 nmethod 1332 0x000001d6dafc7d08 code [0x000001d6dafc7e40, 0x000001d6dafc8098]
Event: 0.501 Thread 0x000001d6c501d6c0 1333       3       java.util.regex.Pattern::append (43 bytes)
Event: 0.502 Thread 0x000001d6c501d6c0 nmethod 1333 0x000001d6dafc8108 code [0x000001d6dafc8260, 0x000001d6dafc8640]
Event: 0.502 Thread 0x000001d6c501d6c0 1334       3       java.util.regex.Pattern$Node::<init> (12 bytes)
Event: 0.502 Thread 0x000001d6c501d6c0 nmethod 1334 0x000001d6dafc8688 code [0x000001d6dafc87a0, 0x000001d6dafc8978]
Event: 0.502 Thread 0x000001d6c501d6c0 1335       3       java.lang.String::startsWith (123 bytes)
Event: 0.502 Thread 0x000001d6c501d6c0 nmethod 1335 0x000001d6dafc8a08 code [0x000001d6dafc8ba0, 0x000001d6dafc92d8]
Event: 0.502 Thread 0x000001d6c501d6c0 1336       3       jdk.internal.util.ArraysSupport::mismatch (103 bytes)
Event: 0.503 Thread 0x000001d6c501d6c0 nmethod 1336 0x000001d6dafc9308 code [0x000001d6dafc9460, 0x000001d6dafc9858]
Event: 0.503 Thread 0x000001d6c501d6c0 1338       3       java.lang.invoke.LambdaForm$Name::useCount (51 bytes)
Event: 0.503 Thread 0x000001d6c501d6c0 nmethod 1338 0x000001d6dafc9888 code [0x000001d6dafc99c0, 0x000001d6dafc9c10]
Event: 0.504 Thread 0x000001d6c501d6c0 1339       3       java.lang.reflect.Executable::<init> (5 bytes)
Event: 0.504 Thread 0x000001d6c501d6c0 nmethod 1339 0x000001d6dafc9c88 code [0x000001d6dafc9da0, 0x000001d6dafc9f68]

GC Heap History (0 events):
No events

Dll operation events (10 events):
Event: 0.008 Loaded shared library C:\Users\Artem\.jdks\openjdk-23\bin\java.dll
Event: 0.035 Loaded shared library C:\Users\Artem\.jdks\openjdk-23\bin\jsvml.dll
Event: 0.088 Loaded shared library C:\Users\Artem\.jdks\openjdk-23\bin\zip.dll
Event: 0.091 Loaded shared library C:\Users\Artem\.jdks\openjdk-23\bin\instrument.dll
Event: 0.093 Loaded shared library C:\Users\Artem\.jdks\openjdk-23\bin\net.dll
Event: 0.095 Loaded shared library C:\Users\Artem\.jdks\openjdk-23\bin\nio.dll
Event: 0.098 Loaded shared library C:\Users\Artem\.jdks\openjdk-23\bin\zip.dll
Event: 0.106 Loaded shared library C:\Program Files\JetBrains\IntelliJ IDEA 2024.2.1\bin\breakgen64.dll
Event: 0.114 Loaded shared library C:\Users\Artem\.jdks\openjdk-23\bin\extnet.dll
Event: 0.177 Loaded shared library C:\Users\Artem\.jdks\openjdk-23\bin\jimage.dll

Deoptimization events (20 events):
Event: 0.475 Thread 0x000001d6d26fb0e0 Uncommon trap: trap_request=0xffffff45 fr.pc=0x000001d6e29201d4 relative=0x0000000000000054
Event: 0.475 Thread 0x000001d6d26fb0e0 Uncommon trap: reason=unstable_if action=reinterpret pc=0x000001d6e29201d4 method=java.lang.CharacterData.of(I)Ljava/lang/CharacterData; @ 4 c2
Event: 0.475 Thread 0x000001d6d26fb0e0 DEOPT PACKING pc=0x000001d6e29201d4 sp=0x0000004f9b6fbc80
Event: 0.475 Thread 0x000001d6d26fb0e0 DEOPT UNPACKING pc=0x000001d6e2387982 sp=0x0000004f9b6fbc20 mode 2
Event: 0.477 Thread 0x000001d6d26fb0e0 Uncommon trap: trap_request=0xffffff45 fr.pc=0x000001d6e28cb7cc relative=0x000000000000028c
Event: 0.477 Thread 0x000001d6d26fb0e0 Uncommon trap: reason=unstable_if action=reinterpret pc=0x000001d6e28cb7cc method=java.lang.String.isLatin1()Z @ 10 c2
Event: 0.477 Thread 0x000001d6d26fb0e0 DEOPT PACKING pc=0x000001d6e28cb7cc sp=0x0000004f9b6fc4f0
Event: 0.477 Thread 0x000001d6d26fb0e0 DEOPT UNPACKING pc=0x000001d6e2387982 sp=0x0000004f9b6fc420 mode 2
Event: 0.498 Thread 0x000001d6d26fb0e0 Uncommon trap: trap_request=0xffffff45 fr.pc=0x000001d6e2913fd4 relative=0x00000000000002b4
Event: 0.498 Thread 0x000001d6d26fb0e0 Uncommon trap: reason=unstable_if action=reinterpret pc=0x000001d6e2913fd4 method=jdk.internal.util.ArraysSupport.mismatch([BI[BII)I @ 55 c2
Event: 0.498 Thread 0x000001d6d26fb0e0 DEOPT PACKING pc=0x000001d6e2913fd4 sp=0x0000004f9b6fdd10
Event: 0.498 Thread 0x000001d6d26fb0e0 DEOPT UNPACKING pc=0x000001d6e2387982 sp=0x0000004f9b6fdbb0 mode 2
Event: 0.498 Thread 0x000001d6d26fb0e0 Uncommon trap: trap_request=0xffffff45 fr.pc=0x000001d6e290cd58 relative=0x0000000000000338
Event: 0.498 Thread 0x000001d6d26fb0e0 Uncommon trap: reason=unstable_if action=reinterpret pc=0x000001d6e290cd58 method=jdk.internal.util.ArraysSupport.mismatch([BI[BII)I @ 55 c2
Event: 0.498 Thread 0x000001d6d26fb0e0 DEOPT PACKING pc=0x000001d6e290cd58 sp=0x0000004f9b6fdca0
Event: 0.498 Thread 0x000001d6d26fb0e0 DEOPT UNPACKING pc=0x000001d6e2387982 sp=0x0000004f9b6fdbb0 mode 2
Event: 0.498 Thread 0x000001d6d26fb0e0 Uncommon trap: trap_request=0xffffff45 fr.pc=0x000001d6e291c698 relative=0x0000000000000278
Event: 0.498 Thread 0x000001d6d26fb0e0 Uncommon trap: reason=unstable_if action=reinterpret pc=0x000001d6e291c698 method=jdk.internal.util.ArraysSupport.mismatch([BI[BII)I @ 55 c2
Event: 0.498 Thread 0x000001d6d26fb0e0 DEOPT PACKING pc=0x000001d6e291c698 sp=0x0000004f9b6fdbe0
Event: 0.498 Thread 0x000001d6d26fb0e0 DEOPT UNPACKING pc=0x000001d6e2387982 sp=0x0000004f9b6fdba8 mode 2

Classes loaded (20 events):
Event: 0.486 Loading class java/util/Collections$ReverseComparator2
Event: 0.486 Loading class java/util/Collections$ReverseComparator2 done
Event: 0.494 Loading class java/lang/invoke/WrongMethodTypeException
Event: 0.494 Loading class java/lang/invoke/WrongMethodTypeException done
Event: 0.497 Loading class java/lang/StackTraceElement$HashedModules
Event: 0.497 Loading class java/lang/StackTraceElement$HashedModules done
Event: 0.499 Loading class java/util/AbstractList$RandomAccessSubList
Event: 0.499 Loading class java/util/AbstractList$SubList
Event: 0.499 Loading class java/util/AbstractList$SubList done
Event: 0.499 Loading class java/util/AbstractList$RandomAccessSubList done
Event: 0.499 Loading class java/util/AbstractList$SubList$1
Event: 0.499 Loading class java/util/AbstractList$SubList$1 done
Event: 0.499 Loading class java/util/AbstractList$ListItr
Event: 0.499 Loading class java/util/AbstractList$Itr
Event: 0.499 Loading class java/util/AbstractList$Itr done
Event: 0.499 Loading class java/util/AbstractList$ListItr done
Event: 0.501 Loading class java/util/regex/Pattern$SliceI
Event: 0.501 Loading class java/util/regex/Pattern$SliceI done
Event: 0.504 Loading class java/io/PrintWriter
Event: 0.504 Loading class java/io/PrintWriter done

Classes unloaded (0 events):
No events

Classes redefined (0 events):
No events

Internal exceptions (20 events):
Event: 0.349 Thread 0x000001d6d26fb0e0 Exception <a 'java/lang/NoSuchMethodError'{0x0000000713008b40}: 'java.lang.Object java.lang.invoke.DirectMethodHandle$Holder.newInvokeSpecial(java.lang.Object, java.lang.Object, java.lang.Object, java.lang.Object, java.lang.Object, java.lang.Object)'> (0x0000000713008b40) 
thrown [s\open\src\hotspot\share\interpreter\linkResolver.cpp, line 796]
Event: 0.355 Thread 0x000001d6d26fb0e0 Exception <a 'java/lang/NoSuchMethodError'{0x000000071304dc70}: 'void java.lang.invoke.DirectMethodHandle$Holder.invokeInterface(java.lang.Object, java.lang.Object, java.lang.Object, java.lang.Object, java.lang.Object)'> (0x000000071304dc70) 
thrown [s\open\src\hotspot\share\interpreter\linkResolver.cpp, line 796]
Event: 0.356 Thread 0x000001d6d26fb0e0 Exception <a 'java/lang/IncompatibleClassChangeError'{0x0000000713051688}: Found class java.lang.Object, but interface was expected> (0x0000000713051688) 
thrown [s\open\src\hotspot\share\interpreter\linkResolver.cpp, line 863]
Event: 0.362 Thread 0x000001d6d26fb0e0 Exception <a 'java/lang/IncompatibleClassChangeError'{0x000000071308f5e8}: Found class java.lang.Object, but interface was expected> (0x000000071308f5e8) 
thrown [s\open\src\hotspot\share\interpreter\linkResolver.cpp, line 863]
Event: 0.365 Thread 0x000001d6d26fb0e0 Exception <a 'java/lang/NoSuchMethodError'{0x00000007130ab340}: 'java.lang.Object java.lang.invoke.DirectMethodHandle$Holder.invokeStatic(java.lang.Object, java.lang.Object, int)'> (0x00000007130ab340) 
thrown [s\open\src\hotspot\share\interpreter\linkResolver.cpp, line 796]
Event: 0.367 Thread 0x000001d6d26fb0e0 Exception <a 'java/lang/NoSuchMethodError'{0x00000007130c02a8}: 'void java.lang.invoke.DirectMethodHandle$Holder.invokeSpecial(java.lang.Object, java.lang.Object, java.lang.Object, java.lang.Object, java.lang.Object, java.lang.Object)'> (0x00000007130c02a8) 
thrown [s\open\src\hotspot\share\interpreter\linkResolver.cpp, line 796]
Event: 0.371 Thread 0x000001d6d26fb0e0 Exception <a 'java/lang/NoSuchMethodError'{0x00000007130f9118}: 'void java.lang.invoke.DirectMethodHandle$Holder.invokeSpecial(java.lang.Object, java.lang.Object, java.lang.Object, java.lang.Object, java.lang.Object)'> (0x00000007130f9118) 
thrown [s\open\src\hotspot\share\interpreter\linkResolver.cpp, line 796]
Event: 0.379 Thread 0x000001d6d26fb0e0 Exception <a 'java/lang/NoSuchMethodError'{0x00000007131517c0}: 'void java.lang.invoke.DirectMethodHandle$Holder.invokeInterface(java.lang.Object, java.lang.Object, java.lang.Object, java.lang.Object)'> (0x00000007131517c0) 
thrown [s\open\src\hotspot\share\interpreter\linkResolver.cpp, line 796]
Event: 0.379 Thread 0x000001d6d26fb0e0 Exception <a 'java/lang/IncompatibleClassChangeError'{0x0000000713154c50}: Found class java.lang.Object, but interface was expected> (0x0000000713154c50) 
thrown [s\open\src\hotspot\share\interpreter\linkResolver.cpp, line 863]
Event: 0.382 Thread 0x000001d6d26fb0e0 Exception <a 'java/lang/NoSuchMethodError'{0x000000071316dc98}: 'void java.lang.invoke.DirectMethodHandle$Holder.invokeStatic(java.lang.Object, java.lang.Object, java.lang.Object, java.lang.Object)'> (0x000000071316dc98) 
thrown [s\open\src\hotspot\share\interpreter\linkResolver.cpp, line 796]
Event: 0.384 Thread 0x000001d6d26fb0e0 Exception <a 'java/lang/NoSuchMethodError'{0x000000071318c1d0}: 'java.lang.Object java.lang.invoke.DirectMethodHandle$Holder.newInvokeSpecial(java.lang.Object, java.lang.Object, int)'> (0x000000071318c1d0) 
thrown [s\open\src\hotspot\share\interpreter\linkResolver.cpp, line 796]
Event: 0.398 Thread 0x000001d6d26fb0e0 Exception <a 'java/lang/NoSuchMethodError'{0x0000000712e35a08}: 'int java.lang.invoke.DirectMethodHandle$Holder.invokeStatic(java.lang.Object, java.lang.Object, java.lang.Object, java.lang.Object)'> (0x0000000712e35a08) 
thrown [s\open\src\hotspot\share\interpreter\linkResolver.cpp, line 796]
Event: 0.399 Thread 0x000001d6d26fb0e0 Exception <a 'java/lang/NoSuchMethodError'{0x0000000712e43038}: 'int java.lang.invoke.DirectMethodHandle$Holder.invokeStatic(java.lang.Object, java.lang.Object, java.lang.Object, java.lang.Object, java.lang.Object)'> (0x0000000712e43038) 
thrown [s\open\src\hotspot\share\interpreter\linkResolver.cpp, line 796]
Event: 0.406 Thread 0x000001d6d26fb0e0 Exception <a 'java/lang/NoSuchMethodError'{0x0000000712e8c438}: 'void java.lang.invoke.DirectMethodHandle$Holder.invokeStaticInit(java.lang.Object)'> (0x0000000712e8c438) 
thrown [s\open\src\hotspot\share\interpreter\linkResolver.cpp, line 796]
Event: 0.419 Thread 0x000001d6d26fb0e0 Exception <a 'java/lang/NoSuchMethodError'{0x0000000712f380a0}: 'void java.lang.invoke.DirectMethodHandle$Holder.invokeStaticInit(java.lang.Object, java.lang.Object, java.lang.Object, java.lang.Object)'> (0x0000000712f380a0) 
thrown [s\open\src\hotspot\share\interpreter\linkResolver.cpp, line 796]
Event: 0.428 Thread 0x000001d6d26fb0e0 Exception <a 'java/lang/NoSuchMethodError'{0x0000000712f9a808}: 'int java.lang.invoke.DirectMethodHandle$Holder.invokeStaticInit(java.lang.Object, java.lang.Object)'> (0x0000000712f9a808) 
thrown [s\open\src\hotspot\share\interpreter\linkResolver.cpp, line 796]
Event: 0.461 Thread 0x000001d6d26fb0e0 Exception <a 'java/lang/NoSuchMethodError'{0x0000000712cb80e8}: 'java.lang.Object java.lang.invoke.DirectMethodHandle$Holder.newInvokeSpecial(java.lang.Object, java.lang.Object, java.lang.Object, java.lang.Object, java.lang.Object, java.lang.Object, java.lang.Object)'> (0x0000000712cb80e8) 
thrown [s\open\src\hotspot\share\interpreter\linkResolver.cpp, line 796]
Event: 0.463 Thread 0x000001d6d26fb0e0 Exception <a 'java/lang/NoSuchMethodError'{0x0000000712cc9d48}: 'java.lang.Object java.lang.invoke.DirectMethodHandle$Holder.invokeInterface(java.lang.Object, java.lang.Object, java.lang.Object, java.lang.Object, java.lang.Object)'> (0x0000000712cc9d48) 
thrown [s\open\src\hotspot\share\interpreter\linkResolver.cpp, line 796]
Event: 0.463 Thread 0x000001d6d26fb0e0 Exception <a 'java/lang/IncompatibleClassChangeError'{0x0000000712ccd898}: Found class java.lang.Object, but interface was expected> (0x0000000712ccd898) 
thrown [s\open\src\hotspot\share\interpreter\linkResolver.cpp, line 863]
Event: 0.478 Thread 0x000001d6d26fb0e0 Exception <a 'java/lang/NoSuchMethodError'{0x0000000712d78830}: 'void java.lang.invoke.DirectMethodHandle$Holder.invokeVirtual(java.lang.Object, java.lang.Object)'> (0x0000000712d78830) 
thrown [s\open\src\hotspot\share\interpreter\linkResolver.cpp, line 796]

VM Operations (16 events):
Event: 0.153 Executing VM operation: HandshakeAllThreads (Deoptimize)
Event: 0.153 Executing VM operation: HandshakeAllThreads (Deoptimize) done
Event: 0.207 Executing VM operation: HandshakeAllThreads (Deoptimize)
Event: 0.207 Executing VM operation: HandshakeAllThreads (Deoptimize) done
Event: 0.275 Executing VM operation: HandshakeAllThreads (Deoptimize)
Event: 0.275 Executing VM operation: HandshakeAllThreads (Deoptimize) done
Event: 0.275 Executing VM operation: HandshakeAllThreads (Deoptimize)
Event: 0.275 Executing VM operation: HandshakeAllThreads (Deoptimize) done
Event: 0.375 Executing VM operation: HandshakeAllThreads (Deoptimize)
Event: 0.375 Executing VM operation: HandshakeAllThreads (Deoptimize) done
Event: 0.466 Executing VM operation: HandshakeAllThreads (Deoptimize)
Event: 0.466 Executing VM operation: HandshakeAllThreads (Deoptimize) done
Event: 0.475 Executing VM operation: HandshakeAllThreads (Deoptimize)
Event: 0.475 Executing VM operation: HandshakeAllThreads (Deoptimize) done
Event: 0.504 Executing VM operation: HandshakeAllThreads (Deoptimize)
Event: 0.504 Executing VM operation: HandshakeAllThreads (Deoptimize) done

Memory protections (0 events):
No events

Nmethod flushes (0 events):
No events

Events (14 events):
Event: 0.022 Thread 0x000001d6d26fb0e0 Thread added: 0x000001d6d26fb0e0
Event: 0.033 Thread 0x000001d6d26fb0e0 Thread added: 0x000001d6f19de060
Event: 0.033 Thread 0x000001d6d26fb0e0 Thread added: 0x000001d6f19dfc90
Event: 0.033 Thread 0x000001d6d26fb0e0 Thread added: 0x000001d6f19e5f00
Event: 0.033 Thread 0x000001d6d26fb0e0 Thread added: 0x000001d6f19e88d0
Event: 0.033 Thread 0x000001d6d26fb0e0 Thread added: 0x000001d6f19e9030
Event: 0.033 Thread 0x000001d6d26fb0e0 Thread added: 0x000001d6c5012840
Event: 0.033 Thread 0x000001d6d26fb0e0 Thread added: 0x000001d6c5012fe0
Event: 0.033 Thread 0x000001d6d26fb0e0 Thread added: 0x000001d6c501d6c0
Event: 0.076 Thread 0x000001d6d26fb0e0 Thread added: 0x000001d6c51232b0
Event: 0.107 Thread 0x000001d6d26fb0e0 Thread added: 0x000001d6c529c500
Event: 0.107 Thread 0x000001d6d26fb0e0 Thread added: 0x000001d6c529cb70
Event: 0.127 Thread 0x000001d6c501d6c0 Thread added: 0x000001d6c52ecdb0
Event: 0.134 Thread 0x000001d6c501d6c0 Thread added: 0x000001d6c55974b0


Dynamic libraries:
0x00007ff6174e0000 - 0x00007ff6174ee000 	C:\Users\Artem\.jdks\openjdk-23\bin\java.exe
0x00007ffe89fb0000 - 0x00007ffe8a1c7000 	C:\WINDOWS\SYSTEM32\ntdll.dll
0x00007ffe88d50000 - 0x00007ffe88e14000 	C:\WINDOWS\System32\KERNEL32.DLL
0x00007ffe87600000 - 0x00007ffe879b9000 	C:\WINDOWS\System32\KERNELBASE.dll
0x00007ffe87370000 - 0x00007ffe87481000 	C:\WINDOWS\System32\ucrtbase.dll
0x00007ffe55ae0000 - 0x00007ffe55af7000 	C:\Users\Artem\.jdks\openjdk-23\bin\jli.dll
0x00007ffe55b00000 - 0x00007ffe55b1b000 	C:\Users\Artem\.jdks\openjdk-23\bin\VCRUNTIME140.dll
0x00007ffe89dc0000 - 0x00007ffe89f6e000 	C:\WINDOWS\System32\USER32.dll
0x00007ffe87ca0000 - 0x00007ffe87cc6000 	C:\WINDOWS\System32\win32u.dll
0x00007ffe897a0000 - 0x00007ffe897c9000 	C:\WINDOWS\System32\GDI32.dll
0x00007ffe879f0000 - 0x00007ffe87b0b000 	C:\WINDOWS\System32\gdi32full.dll
0x00007ffe6ace0000 - 0x00007ffe6af72000 	C:\WINDOWS\WinSxS\amd64_microsoft.windows.common-controls_6595b64144ccf1df_6.0.22621.4391_none_2715d37f73803e96\COMCTL32.dll
0x00007ffe87b90000 - 0x00007ffe87c2a000 	C:\WINDOWS\System32\msvcp_win.dll
0x00007ffe88e20000 - 0x00007ffe88ec7000 	C:\WINDOWS\System32\msvcrt.dll
0x00007ffe89580000 - 0x00007ffe895b1000 	C:\WINDOWS\System32\IMM32.DLL
0x000000006e710000 - 0x000000006e71c000 	C:\Program Files (x86)\360\Total Security\safemon\SafeWrapper.dll
0x00007ffe88060000 - 0x00007ffe88112000 	C:\WINDOWS\System32\ADVAPI32.dll
0x00007ffe88240000 - 0x00007ffe882e7000 	C:\WINDOWS\System32\sechost.dll
0x00007ffe879c0000 - 0x00007ffe879e8000 	C:\WINDOWS\System32\bcrypt.dll
0x00007ffe88c30000 - 0x00007ffe88d44000 	C:\WINDOWS\System32\RPCRT4.dll
0x00007ffe33e40000 - 0x00007ffe33eec000 	C:\Program Files (x86)\360\Total Security\safemon\libzdtp64.dll
0x00007ffe882f0000 - 0x00007ffe88b66000 	C:\WINDOWS\System32\SHELL32.dll
0x00007ffe895e0000 - 0x00007ffe8963e000 	C:\WINDOWS\System32\SHLWAPI.dll
0x00007ffe86ef0000 - 0x00007ffe86efa000 	C:\WINDOWS\SYSTEM32\VERSION.dll
0x00007ffe72860000 - 0x00007ffe7286c000 	C:\Users\Artem\.jdks\openjdk-23\bin\vcruntime140_1.dll
0x00007ffe1b7d0000 - 0x00007ffe1b85e000 	C:\Users\Artem\.jdks\openjdk-23\bin\msvcp140.dll
0x00007ffdbac60000 - 0x00007ffdbb9af000 	C:\Users\Artem\.jdks\openjdk-23\bin\server\jvm.dll
0x00007ffe89720000 - 0x00007ffe89791000 	C:\WINDOWS\System32\WS2_32.dll
0x00007ffe86090000 - 0x00007ffe860dd000 	C:\WINDOWS\SYSTEM32\POWRPROF.dll
0x00007ffe7e080000 - 0x00007ffe7e0b4000 	C:\WINDOWS\SYSTEM32\WINMM.dll
0x00007ffe86070000 - 0x00007ffe86083000 	C:\WINDOWS\SYSTEM32\UMPDC.dll
0x00007ffe86330000 - 0x00007ffe86348000 	C:\WINDOWS\SYSTEM32\kernel.appcore.dll
0x00007ffe64aa0000 - 0x00007ffe64aaa000 	C:\Users\Artem\.jdks\openjdk-23\bin\jimage.dll
0x00007ffe84b00000 - 0x00007ffe84d32000 	C:\WINDOWS\SYSTEM32\DBGHELP.DLL
0x00007ffe89a30000 - 0x00007ffe89dbf000 	C:\WINDOWS\System32\combase.dll
0x00007ffe89640000 - 0x00007ffe89717000 	C:\WINDOWS\System32\OLEAUT32.dll
0x00007ffe7a0a0000 - 0x00007ffe7a0d2000 	C:\WINDOWS\SYSTEM32\dbgcore.DLL
0x00007ffe87b10000 - 0x00007ffe87b8b000 	C:\WINDOWS\System32\bcryptPrimitives.dll
0x00007ffe554a0000 - 0x00007ffe554af000 	C:\Users\Artem\.jdks\openjdk-23\bin\instrument.dll
0x00007ffe49cb0000 - 0x00007ffe49cce000 	C:\Users\Artem\.jdks\openjdk-23\bin\java.dll
0x00007ffe87cd0000 - 0x00007ffe87e75000 	C:\WINDOWS\System32\ole32.dll
0x00007ffe85140000 - 0x00007ffe85a43000 	C:\WINDOWS\SYSTEM32\windows.storage.dll
0x00007ffe85000000 - 0x00007ffe8513f000 	C:\WINDOWS\SYSTEM32\wintypes.dll
0x00007ffe89460000 - 0x00007ffe89559000 	C:\WINDOWS\System32\SHCORE.dll
0x00007ffe871e0000 - 0x00007ffe8720b000 	C:\WINDOWS\SYSTEM32\profapi.dll
0x00007ffdf8b30000 - 0x00007ffdf8c07000 	C:\Users\Artem\.jdks\openjdk-23\bin\jsvml.dll
0x00007ffe48620000 - 0x00007ffe48637000 	C:\Users\Artem\.jdks\openjdk-23\bin\zip.dll
0x00007ffe5db60000 - 0x00007ffe5db70000 	C:\Users\Artem\.jdks\openjdk-23\bin\net.dll
0x00007ffe867a0000 - 0x00007ffe86809000 	C:\WINDOWS\system32\mswsock.dll
0x00007ffe48640000 - 0x00007ffe48656000 	C:\Users\Artem\.jdks\openjdk-23\bin\nio.dll
0x00007ffe43130000 - 0x00007ffe4314a000 	C:\Program Files\JetBrains\IntelliJ IDEA 2024.2.1\bin\breakgen64.dll
0x00007ffe5d690000 - 0x00007ffe5d699000 	C:\Users\Artem\.jdks\openjdk-23\bin\extnet.dll

dbghelp: loaded successfully - version: 4.0.5 - missing functions: none
symbol engine: initialized successfully - sym options: 0x614 - pdb path: .;C:\Users\Artem\.jdks\openjdk-23\bin;C:\WINDOWS\SYSTEM32;C:\WINDOWS\WinSxS\amd64_microsoft.windows.common-controls_6595b64144ccf1df_6.0.22621.4391_none_2715d37f73803e96;C:\Program Files (x86)\360\Total Security\safemon;C:\Users\Artem\.jdks\openjdk-23\bin\server;C:\Program Files\JetBrains\IntelliJ IDEA 2024.2.1\bin

VM Arguments:
jvm_args: -ea -Didea.test.cyclic.buffer.size=1048576 -javaagent:C:\Program Files\JetBrains\IntelliJ IDEA 2024.2.1\lib\idea_rt.jar=53711:C:\Program Files\JetBrains\IntelliJ IDEA 2024.2.1\bin -Dfile.encoding=UTF-8 -Dsun.stdout.encoding=UTF-8 -Dsun.stderr.encoding=UTF-8 
java_command: com.intellij.rt.junit.JUnitStarter -ideVersion5 -junit5 com.railways.railways.CashPointLocationGeneratorTest
java_class_path (initial): C:\Users\Artem\.m2\repository\org\junit\platform\junit-platform-launcher\1.10.5\junit-platform-launcher-1.10.5.jar;C:\Program Files\JetBrains\IntelliJ IDEA 2024.2.1\lib\idea_rt.jar;C:\Program Files\JetBrains\IntelliJ IDEA 2024.2.1\plugins\junit\lib\junit5-rt.jar;C:\Program Files\JetBrains\IntelliJ IDEA 2024.2.1\plugins\junit\lib\junit-rt.jar;C:\Users\Artem\Desktop\Railways-backend\backend\target\test-classes;C:\Users\Artem\Desktop\Railways-backend\backend\target\classes;C:\Users\Artem\.m2\repository\org\springframework\boot\spring-boot-starter-web\3.3.5\spring-boot-starter-web-3.3.5.jar;C:\Users\Artem\.m2\repository\org\springframework\boot\spring-boot-starter\3.3.5\spring-boot-starter-3.3.5.jar;C:\Users\Artem\.m2\repository\org\springframework\boot\spring-boot\3.3.5\spring-boot-3.3.5.jar;C:\Users\Artem\.m2\repository\org\springframework\boot\spring-boot-autoconfigure\3.3.5\spring-boot-autoconfigure-3.3.5.jar;C:\Users\Artem\.m2\repository\org\springframework\boot\spring-boot-starter-logging\3.3.5\spring-boot-starter-logging-3.3.5.jar;C:\Users\Artem\.m2\repository\ch\qos\logback\logback-classic\1.5.11\logback-classic-1.5.11.jar;C:\Users\Artem\.m2\repository\ch\qos\logback\logback-core\1.5.11\logback-core-1.5.11.jar;C:\Users\Artem\.m2\repository\org\apache\logging\log4j\log4j-to-slf4j\2.23.1\log4j-to-slf4j-2.23.1.jar;C:\Users\Artem\.m2\repository\org\apache\logging\log4j\log4j-api\2.23.1\log4j-api-2.23.1.jar;C:\Users\Artem\.m2\repository\org\slf4j\jul-to-slf4j\2.0.16\jul-to-slf4j-2.0.16.jar;C:\Users\Artem\.m2\repository\jakarta\annotation\jakarta.annotation-api\2.1.1\jakarta.annotation-api-2.1.1.jar;C:\Users\Artem\.m2\repository\org\yaml\snakeyaml\2.2\snakeyaml-2.2.jar;C:\Users\Artem\.m2\repository\org\springframework\boot\spring-boot-starter-json\3.3.5\spring-boot-starter-json-3.3.5.jar;C:\Users\Artem\.m2\repository\com\fasterxml\jackson\core\jackson-databind\2.17.2\jackson-databind-2.17.2.jar;C:\Users\Artem\.m2\repository\com\fasterxml\jackson\core\jackson-annotations\2.17.2\jackson-annotations-2.17.2.jar;C:\Users\Artem\.m2\repository\com\fasterxml\jackson\core\jackson-core\2.17.2\jackson-core-2.17.2.jar;C:\Users\Artem\.m2\repository\com\fasterxml\jackson\datatype\jackson-datatype-jdk8\2.17.2\jackson-datatype-jdk8-2.17.2.jar;C:\Users\Artem\.m2\repository\com\fasterxml\jackson\datatype\jackson-datatype-jsr310\2.17.2\jackson-datatype-jsr310-2.17.2.jar;C:\Users\Artem\.m2\repository\com\fasterxml\jackson\module\jackson-module-parameter-names\2.17.2\jackson-module-parameter-names-2.17.2.jar;C:\Users\Artem\.m2\repository\org\springframework\boot\spring-boot-starter-tomcat\3.3.5\spring-boot-starter-tomcat-3.3.5.jar;C:\Users\Artem\.m2\repository\org\apache\tomcat\embed\tomcat-embed-core\10.1.31\tomcat-embed-core-10.1.31.jar;C:\Users\Artem\.m2\repository\org\apache\tomcat\embed\tomcat-embed-el\10.1.31\tomcat-embed-el-10.1.31.jar;C:\Users\Artem\.m2\repository\org\apache\tomcat\embed\tomcat-embed-websocket\10.1.31\tomcat-embed-websocket-10.1.31.jar;C:\Users\Artem\.m2\repository\org\springframework\spring-web\6.1.14\spring-web-6.1.14.jar;C:\Users\Artem\.m2\repository\org\springframework\spring-beans\6.1.14\spring-beans-6.1.14.jar;C:\Users\Artem\.m2\repository\io\micrometer\micrometer-observation\1.13.6\micrometer-observation-1.13.6.jar;C:\Users\Artem\.m2\repository\io\micrometer\micrometer-commons\1.13.6\micrometer-commons-1.13.6.jar;C:\Users\Artem\.m2\repository\org\springframework\spring-webmvc\6.1.14\spring-webmvc-6.1.14.jar;C:\Users\Artem\.m2\repository\org\springframework\spring-aop\6.1.14\spring-aop-6.1.14.jar;C:\Users\Artem\.m2\repository\org\springframework\spring-context\6.1.14\spring-context-6.1.14.jar;C:\Users\Artem\.m2\repository\org\springframework\spring-expression\6.1.14\spring-expression-6.1.14.jar;C:\Users\Artem\.m2\repository\org\springframework\boot\spring-boot-starter-test\3.3.5\spring-boot-starter-test-3.3.5.jar;C:\Users\Artem\.m2\repository\org\springframework\boot\spring-boot-test\3.3.5\spring-boot-test-3.3.5.jar;C:\Users\Artem\.m2\repository\org\springframework\boot\spring-boot-test-autoconfigure\3.3.5\spring-boot-test-autoconfigure-3.3.5.jar;C:\Users\Artem\.m2\repository\com\jayway\jsonpath\json-path\2.9.0\json-path-2.9.0.jar;C:\Users\Artem\.m2\repository\org\slf4j\slf4j-api\2.0.16\slf4j-api-2.0.16.jar;C:\Users\Artem\.m2\repository\jakarta\xml\bind\jakarta.xml.bind-api\4.0.2\jakarta.xml.bind-api-4.0.2.jar;C:\Users\Artem\.m2\repository\jakarta\activation\jakarta.activation-api\2.1.3\jakarta.activation-api-2.1.3.jar;C:\Users\Artem\.m2\repository\net\minidev\json-smart\2.5.1\json-smart-2.5.1.jar;C:\Users\Artem\.m2\repository\net\minidev\accessors-smart\2.5.1\accessors-smart-2.5.1.jar;C:\Users\Artem\.m2\repository\org\ow2\asm\asm\9.6\asm-9.6.jar;C:\Users\Artem\.m2\repository\org\assertj\assertj-core\3.25.3\assertj-core-3.25.3.jar;C:\Users\Artem\.m2\repository\net\bytebuddy\byte-buddy\1.14.19\byte-buddy-1.14.19.jar;C:\Users\Artem\.m2\repository\org\awaitility\awaitility\4.2.2\awaitility-4.2.2.jar;C:\Users\Artem\.m2\repository\org\hamcrest\hamcrest\2.2\hamcrest-2.2.jar;C:\Users\Artem\.m2\repository\org\junit\jupiter\junit-jupiter\5.10.5\junit-jupiter-5.10.5.jar;C:\Users\Artem\.m2\repository\org\junit\jupiter\junit-jupiter-api\5.10.5\junit-jupiter-api-5.10.5.jar;C:\Users\Artem\.m2\repository\org\opentest4j\opentest4j\1.3.0\opentest4j-1.3.0.jar;C:\Users\Artem\.m2\repository\org\junit\platform\junit-platform-commons\1.10.5\junit-platform-commons-1.10.5.jar;C:\Users\Artem\.m2\repository\org\apiguardian\apiguardian-api\1.1.2\apiguardian-api-1.1.2.jar;C:\Users\Artem\.m2\repository\org\junit\jupiter\junit-jupiter-params\5.10.5\junit-jupiter-params-5.10.5.jar;C:\Users\Artem\.m2\repository\org\junit\jupiter\junit-jupiter-engine\5.10.5\junit-jupiter-engine-5.10.5.jar;C:\Users\Artem\.m2\repository\org\junit\platform\junit-platform-engine\1.10.5\junit-platform-engine-1.10.5.jar;C:\Users\Artem\.m2\repository\org\mockito\mockito-core\5.11.0\mockito-core-5.11.0.jar;C:\Users\Artem\.m2\repository\net\bytebuddy\byte-buddy-agent\1.14.19\byte-buddy-agent-1.14.19.jar;C:\Users\Artem\.m2\repository\org\objenesis\objenesis\3.3\objenesis-3.3.jar;C:\Users\Artem\.m2\repository\org\mockito\mockito-junit-jupiter\5.11.0\mockito-junit-jupiter-5.11.0.jar;C:\Users\Artem\.m2\repository\org\skyscreamer\jsonassert\1.5.3\jsonassert-1.5.3.jar;C:\Users\Artem\.m2\repository\com\vaadin\external\google\android-json\0.0.20131108.vaadin1\android-json-0.0.20131108.vaadin1.jar;C:\Users\Artem\.m2\repository\org\springframework\spring-core\6.1.14\spring-core-6.1.14.jar;C:\Users\Artem\.m2\repository\org\springframework\spring-jcl\6.1.14\spring-jcl-6.1.14.jar;C:\Users\Artem\.m2\repository\org\springframework\spring-test\6.1.14\spring-test-6.1.14.jar;C:\Users\Artem\.m2\repository\org\xmlunit\xmlunit-core\2.9.1\xmlunit-core-2.9.1.jar;C:\Users\Artem\.m2\repository\com\google\code\gson\gson\2.11.0\gson-2.11.0.jar;C:\Users\Artem\.m2\repository\com\google\errorprone\error_prone_annotations\2.27.0\error_prone_annotations-2.27.0.jar;C:\Users\Artem\.m2\repository\org\springframework\boot\spring-boot-starter-websocket\3.3.5\spring-boot-starter-websocket-3.3.5.jar;C:\Users\Artem\.m2\repository\org\springframework\spring-messaging\6.1.14\spring-messaging-6.1.14.jar;C:\Users\Artem\.m2\repository\org\springframework\spring-websocket\6.1.14\spring-websocket-6.1.14.jar;C:\Users\Artem\.m2\repository\javassist\javassist\3.12.1.GA\javassist-3.12.1.GA.jar
Launcher Type: SUN_STANDARD

[Global flags]
     intx CICompilerCount                          = 4                                         {product} {ergonomic}
     uint ConcGCThreads                            = 3                                         {product} {ergonomic}
     uint G1ConcRefinementThreads                  = 10                                        {product} {ergonomic}
   size_t G1HeapRegionSize                         = 2097152                                   {product} {ergonomic}
   size_t InitialHeapSize                          = 264241152                                 {product} {ergonomic}
   size_t MarkStackSize                            = 4194304                                   {product} {ergonomic}
   size_t MarkStackSizeMax                         = 536870912                                 {product} {ergonomic}
   size_t MaxHeapSize                              = 4223664128                                {product} {ergonomic}
   size_t MaxNewSize                               = 2533359616                                {product} {ergonomic}
   size_t MinHeapDeltaBytes                        = 2097152                                   {product} {ergonomic}
   size_t MinHeapSize                              = 8388608                                   {product} {ergonomic}
    uintx NonNMethodCodeHeapSize                   = 5832704                                {pd product} {ergonomic}
    uintx NonProfiledCodeHeapSize                  = 122945536                              {pd product} {ergonomic}
    uintx ProfiledCodeHeapSize                     = 122880000                              {pd product} {ergonomic}
    uintx ReservedCodeCacheSize                    = 251658240                              {pd product} {ergonomic}
     bool SegmentedCodeCache                       = true                                      {product} {ergonomic}
   size_t SoftMaxHeapSize                          = 4223664128                             {manageable} {ergonomic}
     bool UseCompressedOops                        = true                           {product lp64_product} {ergonomic}
     bool UseG1GC                                  = true                                      {product} {ergonomic}
     bool UseLargePagesIndividualAllocation        = false                                  {pd product} {ergonomic}

Logging:
Log output configuration:
 #0: stdout all=warning uptime,level,tags foldmultilines=false
 #1: stderr all=off uptime,level,tags foldmultilines=false

Environment Variables:
PATH=C:\Program Files\Common Files\Oracle\Java\javapath;C:\Program Files (x86)\Common Files\Oracle\Java\java8path;C:\Program Files\Eclipse Adoptium\jdk-21.0.4.7-hotspot\bin;C:\Program Files (x86)\Common Files\Intel\Shared Libraries\redist\intel64\compiler;C:\Windows\system32;C:\Windows;C:\Windows\System32\Wbem;C:\Windows\System32\WindowsPowerShell\v1.0\;C:\Windows\System32\OpenSSH\;C:\Program Files\dotnet\;C:\Program Files (x86)\NVIDIA Corporation\PhysX\Common;C:\WINDOWS\system32;C:\WINDOWS;C:\WINDOWS\System32\Wbem;C:\WINDOWS\System32\WindowsPowerShell\v1.0\;C:\WINDOWS\System32\OpenSSH\;C:\Program Files\LLVM\bin;C:\Program Files\Microsoft SQL Server\150\Tools\Binn\;C:\Program Files\Microsoft SQL Server\Client SDK\ODBC\170\Tools\Binn\;C:\Program Files\Git\cmd;C:\Program Files\nodejs\;C:\xampp\php;C:\composer;C:\Program Files (x86)\Microsoft SQL Server\160\Tools\Binn\;C:\Program Files\Microsoft SQL Server\160\Tools\Binn\;C:\Program Files\Microsoft SQL Server\160\DTS\Binn\;C:\Program Files (x86)\Microsoft SQL Server\160\DTS\Binn\;C:\Program Files\NVIDIA Corporation\NVIDIA app\NvDLISR;C:\Users\Artem\AppData\Local\Microsoft\WindowsApps;C:\Users\Artem\AppData\Local\Programs\Microsoft VS Code\bin;C:\Users\Artem\AppData\Roaming\npm;C:\Users\Artem\AppData\Roaming\Composer\vendor\bin;C:\Users\Artem\.dotnet\tools
USERNAME=Artem
OS=Windows_NT
PROCESSOR_IDENTIFIER=Intel64 Family 6 Model 141 Stepping 1, GenuineIntel
TMP=C:\Users\Artem\AppData\Local\Temp
TEMP=C:\Users\Artem\AppData\Local\Temp




Periodic native trim disabled

---------------  S Y S T E M  ---------------

OS:
 Windows 11 , 64 bit Build 22621 (10.0.22621.4391)
OS uptime: 0 days 18:45 hours
Hyper-V role detected

CPU: total 12 (initial active 12) (6 cores per cpu, 2 threads per core) family 6 model 141 stepping 1 microcode 0x34, cx8, cmov, fxsr, ht, mmx, 3dnowpref, sse, sse2, sse3, ssse3, sse4.1, sse4.2, popcnt, lzcnt, tsc, tscinvbit, avx, avx2, aes, erms, clmul, bmi1, bmi2, adx, avx512f, avx512dq, avx512cd, avx512bw, avx512vl, sha, fma, vzeroupper, avx512_vpopcntdq, avx512_vpclmulqdq, avx512_vaes, avx512_vnni, clflush, clflushopt, clwb, avx512_vbmi2, avx512_vbmi, hv, rdtscp, rdpid, fsrm, gfni, avx512_bitalg, f16c, cet_ibt, cet_ss, avx512_ifma
Processor Information for the first 12 processors :
  Max Mhz: 2688, Current Mhz: 2688, Mhz Limit: 2688

Memory: 4k page, system-wide physical 16106M (2612M free)
TotalPageFile size 20350M (AvailPageFile size 3M)
current process WorkingSet (physical memory assigned to process): 77M, peak: 77M
current process commit charge ("private bytes"): 358M, peak: 358M

vm_info: OpenJDK 64-Bit Server VM (23+37-2369) for windows-amd64 JRE (23+37-2369), built on 2024-08-20T16:01:23Z with MS VC++ 17.6 (VS2022)

END.
